<?xml version="1.0" encoding="UTF-8"?>
<!-- Generated by org.testng.reporters.JUnitXMLReporter -->
<testsuite ignored="0" hostname="LTIN488948" failures="0" tests="6" name="Default test" time="38.542" errors="0" timestamp="2024-02-01T17:08:25 IST">
  <testcase classname="smallproject.methods" name="getUrl" time="23.393"/>
  <testcase classname="smallproject.methods" name="setSearch" time="0.979"/>
  <testcase classname="smallproject.methods" name="searchItem" time="3.152"/>
  <testcase classname="smallproject.methods" name="getDetails" time="1.288"/>
  <testcase classname="smallproject.methods" name="scrollDown" time="5.056"/>
  <testcase classname="smallproject.methods" name="takeSnapShot" time="0.193"/>
</testsuite> <!-- Default test -->
