<?xml version="1.0" encoding="UTF-8"?>
<!-- Generated by org.testng.reporters.JUnitXMLReporter -->
<testsuite ignored="0" hostname="LTIN488948" failures="1" tests="6" name="Test" time="46.49" errors="0" timestamp="2024-01-30T17:36:37 IST">
  <testcase classname="smallproject.methods" name="getUrl" time="18.705"/>
  <testcase classname="smallproject.methods" name="setSearch" time="1.223"/>
  <testcase classname="smallproject.methods" name="searchItem" time="3.223"/>
  <testcase classname="smallproject.methods" name="getDetails" time="16.528">
    <failure type="java.lang.IndexOutOfBoundsException" message="Index 0 out of bounds for length 0">
      <![CDATA[java.lang.IndexOutOfBoundsException: Index 0 out of bounds for length 0
at java.base/jdk.internal.util.Preconditions.outOfBounds(Preconditions.java:64)
at java.base/jdk.internal.util.Preconditions.outOfBoundsCheckIndex(Preconditions.java:70)
at java.base/jdk.internal.util.Preconditions.checkIndex(Preconditions.java:266)
at java.base/java.util.Objects.checkIndex(Objects.java:359)
at java.base/java.util.ArrayList.get(ArrayList.java:427)
at smallproject.methods.getDetails(methods.java:77)
at java.base/java.util.ArrayList.forEach(ArrayList.java:1511)
... Removed 27 stack frames]]>
    </failure>
  </testcase> <!-- getDetails -->
  <testcase classname="smallproject.methods" name="scrollDown" time="0.0">
    <skipped/>
  </testcase> <!-- scrollDown -->
  <testcase classname="smallproject.methods" name="takeSnapShot" time="0.0">
    <skipped/>
  </testcase> <!-- takeSnapShot -->
</testsuite> <!-- Test -->
