<?xml version="1.0" encoding="UTF-8"?>
<testng-results ignored="0" total="6" passed="6" failed="0" skipped="0">
  <reporter-output>
  </reporter-output>
  <suite started-at="2024-02-01T17:07:47 IST" name="Default suite" finished-at="2024-02-01T17:08:25 IST" duration-ms="38542">
    <groups>
    </groups>
    <test started-at="2024-02-01T17:07:47 IST" name="Default test" finished-at="2024-02-01T17:08:25 IST" duration-ms="38542">
      <class name="smallproject.methods">
        <test-method is-config="true" signature="getDriver()[pri:0, instance:smallproject.methods@62379589]" started-at="2024-02-01T17:07:47 IST" name="getDriver" finished-at="2024-02-01T17:07:50 IST" duration-ms="3352" status="PASS">
          <reporter-output>
          </reporter-output>
        </test-method> <!-- getDriver -->
        <test-method signature="getUrl()[pri:0, instance:smallproject.methods@62379589]" started-at="2024-02-01T17:07:50 IST" name="getUrl" finished-at="2024-02-01T17:08:14 IST" duration-ms="23393" status="PASS">
          <reporter-output>
          </reporter-output>
        </test-method> <!-- getUrl -->
        <test-method signature="setSearch()[pri:0, instance:smallproject.methods@62379589]" started-at="2024-02-01T17:08:14 IST" name="setSearch" finished-at="2024-02-01T17:08:15 IST" depends-on-methods="smallproject.methods.getUrl" duration-ms="979" status="PASS">
          <reporter-output>
          </reporter-output>
        </test-method> <!-- setSearch -->
        <test-method signature="searchItem()[pri:0, instance:smallproject.methods@62379589]" started-at="2024-02-01T17:08:15 IST" name="searchItem" finished-at="2024-02-01T17:08:18 IST" depends-on-methods="smallproject.methods.setSearch" duration-ms="3152" status="PASS">
          <reporter-output>
          </reporter-output>
        </test-method> <!-- searchItem -->
        <test-method signature="getDetails()[pri:0, instance:smallproject.methods@62379589]" started-at="2024-02-01T17:08:18 IST" name="getDetails" finished-at="2024-02-01T17:08:19 IST" depends-on-methods="smallproject.methods.searchItem" duration-ms="1288" status="PASS">
          <reporter-output>
          </reporter-output>
        </test-method> <!-- getDetails -->
        <test-method signature="scrollDown()[pri:0, instance:smallproject.methods@62379589]" started-at="2024-02-01T17:08:19 IST" name="scrollDown" finished-at="2024-02-01T17:08:24 IST" depends-on-methods="smallproject.methods.getDetails" duration-ms="5056" status="PASS">
          <reporter-output>
          </reporter-output>
        </test-method> <!-- scrollDown -->
        <test-method signature="takeSnapShot()[pri:0, instance:smallproject.methods@62379589]" started-at="2024-02-01T17:08:24 IST" name="takeSnapShot" finished-at="2024-02-01T17:08:24 IST" depends-on-methods="smallproject.methods.scrollDown" duration-ms="193" status="PASS">
          <reporter-output>
          </reporter-output>
        </test-method> <!-- takeSnapShot -->
        <test-method is-config="true" signature="close()[pri:0, instance:smallproject.methods@62379589]" started-at="2024-02-01T17:08:24 IST" name="close" finished-at="2024-02-01T17:08:25 IST" duration-ms="1078" status="PASS">
          <reporter-output>
          </reporter-output>
        </test-method> <!-- close -->
      </class> <!-- smallproject.methods -->
    </test> <!-- Default test -->
  </suite> <!-- Default suite -->
</testng-results>
